This is pdfTeX, Version 3.14159265-2.6-1.40.17 (TeX Live 2016) (preloaded format=pdflatex 2017.2.20)  26 MAR 2017 11:32
entering extended mode
 restricted \write18 enabled.
 %&-line parsing enabled.
**Networkswriteup.tex
(./Networkswriteup.tex
LaTeX2e <2017/01/01> patch level 1
Babel <3.9r> and hyphenation patterns for 83 language(s) loaded.
(/usr/local/texlive/2016/texmf-dist/tex/latex/base/article.cls
Document Class: article 2014/09/29 v1.4h Standard LaTeX document class
(/usr/local/texlive/2016/texmf-dist/tex/latex/base/size10.clo
File: size10.clo 2014/09/29 v1.4h Standard LaTeX file (size option)
)
\c@part=\count79
\c@section=\count80
\c@subsection=\count81
\c@subsubsection=\count82
\c@paragraph=\count83
\c@subparagraph=\count84
\c@figure=\count85
\c@table=\count86
\abovecaptionskip=\skip41
\belowcaptionskip=\skip42
\bibindent=\dimen102
)
(/usr/local/texlive/2016/texmf-dist/tex/latex/amsmath/amsmath.sty
Package: amsmath 2016/11/05 v2.16a AMS math features
\@mathmargin=\skip43

For additional information on amsmath, use the `?' option.
(/usr/local/texlive/2016/texmf-dist/tex/latex/amsmath/amstext.sty
Package: amstext 2000/06/29 v2.01 AMS text

(/usr/local/texlive/2016/texmf-dist/tex/latex/amsmath/amsgen.sty
File: amsgen.sty 1999/11/30 v2.0 generic functions
\@emptytoks=\toks14
\ex@=\dimen103
))
(/usr/local/texlive/2016/texmf-dist/tex/latex/amsmath/amsbsy.sty
Package: amsbsy 1999/11/29 v1.2d Bold Symbols
\pmbraise@=\dimen104
)
(/usr/local/texlive/2016/texmf-dist/tex/latex/amsmath/amsopn.sty
Package: amsopn 2016/03/08 v2.02 operator names
)
\inf@bad=\count87
LaTeX Info: Redefining \frac on input line 213.
\uproot@=\count88
\leftroot@=\count89
LaTeX Info: Redefining \overline on input line 375.
\classnum@=\count90
\DOTSCASE@=\count91
LaTeX Info: Redefining \ldots on input line 472.
LaTeX Info: Redefining \dots on input line 475.
LaTeX Info: Redefining \cdots on input line 596.
\Mathstrutbox@=\box26
\strutbox@=\box27
\big@size=\dimen105
LaTeX Font Info:    Redeclaring font encoding OML on input line 712.
LaTeX Font Info:    Redeclaring font encoding OMS on input line 713.
\macc@depth=\count92
\c@MaxMatrixCols=\count93
\dotsspace@=\muskip10
\c@parentequation=\count94
\dspbrk@lvl=\count95
\tag@help=\toks15
\row@=\count96
\column@=\count97
\maxfields@=\count98
\andhelp@=\toks16
\eqnshift@=\dimen106
\alignsep@=\dimen107
\tagshift@=\dimen108
\tagwidth@=\dimen109
\totwidth@=\dimen110
\lineht@=\dimen111
\@envbody=\toks17
\multlinegap=\skip44
\multlinetaggap=\skip45
\mathdisplay@stack=\toks18
LaTeX Info: Redefining \[ on input line 2817.
LaTeX Info: Redefining \] on input line 2818.
)
(/usr/local/texlive/2016/texmf-dist/tex/latex/graphics/graphicx.sty
Package: graphicx 2014/10/28 v1.0g Enhanced LaTeX Graphics (DPC,SPQR)

(/usr/local/texlive/2016/texmf-dist/tex/latex/graphics/keyval.sty
Package: keyval 2014/10/28 v1.15 key=value parser (DPC)
\KV@toks@=\toks19
)
(/usr/local/texlive/2016/texmf-dist/tex/latex/graphics/graphics.sty
Package: graphics 2016/10/09 v1.0u Standard LaTeX Graphics (DPC,SPQR)

(/usr/local/texlive/2016/texmf-dist/tex/latex/graphics/trig.sty
Package: trig 2016/01/03 v1.10 sin cos tan (DPC)
)
(/usr/local/texlive/2016/texmf-dist/tex/latex/graphics-cfg/graphics.cfg
File: graphics.cfg 2016/06/04 v1.11 sample graphics configuration
)
Package graphics Info: Driver file: pdftex.def on input line 99.

(/usr/local/texlive/2016/texmf-dist/tex/latex/graphics-def/pdftex.def
File: pdftex.def 2017/01/12 v0.06k Graphics/color for pdfTeX

(/usr/local/texlive/2016/texmf-dist/tex/generic/oberdiek/infwarerr.sty
Package: infwarerr 2016/05/16 v1.4 Providing info/warning/error messages (HO)
)
(/usr/local/texlive/2016/texmf-dist/tex/generic/oberdiek/ltxcmds.sty
Package: ltxcmds 2016/05/16 v1.23 LaTeX kernel commands for general use (HO)
)
\Gread@gobject=\count99
))
\Gin@req@height=\dimen112
\Gin@req@width=\dimen113
)
(/usr/local/texlive/2016/texmf-dist/tex/latex/caption/caption.sty
Package: caption 2016/02/21 v3.3-144 Customizing captions (AR)

(/usr/local/texlive/2016/texmf-dist/tex/latex/caption/caption3.sty
Package: caption3 2016/05/22 v1.7-166 caption3 kernel (AR)
Package caption3 Info: TeX engine: e-TeX on input line 67.
\captionmargin=\dimen114
\captionmargin@=\dimen115
\captionwidth=\dimen116
\caption@tempdima=\dimen117
\caption@indent=\dimen118
\caption@parindent=\dimen119
\caption@hangindent=\dimen120
)
\c@ContinuedFloat=\count100
)
(/usr/local/texlive/2016/texmf-dist/tex/latex/mathtools/mathtools.sty
Package: mathtools 2015/11/12 v1.18 mathematical typesetting tools

(/usr/local/texlive/2016/texmf-dist/tex/latex/tools/calc.sty
Package: calc 2014/10/28 v4.3 Infix arithmetic (KKT,FJ)
\calc@Acount=\count101
\calc@Bcount=\count102
\calc@Adimen=\dimen121
\calc@Bdimen=\dimen122
\calc@Askip=\skip46
\calc@Bskip=\skip47
LaTeX Info: Redefining \setlength on input line 80.
LaTeX Info: Redefining \addtolength on input line 81.
\calc@Ccount=\count103
\calc@Cskip=\skip48
)
(/usr/local/texlive/2016/texmf-dist/tex/latex/mathtools/mhsetup.sty
Package: mhsetup 2010/01/21 v1.2a programming setup (MH)
)
LaTeX Info: Thecontrolsequence`\('isalreadyrobust on input line 129.
LaTeX Info: Thecontrolsequence`\)'isalreadyrobust on input line 129.
LaTeX Info: Thecontrolsequence`\['isalreadyrobust on input line 129.
LaTeX Info: Thecontrolsequence`\]'isalreadyrobust on input line 129.
\g_MT_multlinerow_int=\count104
\l_MT_multwidth_dim=\dimen123
\origjot=\skip49
\l_MT_shortvdotswithinadjustabove_dim=\dimen124
\l_MT_shortvdotswithinadjustbelow_dim=\dimen125
\l_MT_above_intertext_sep=\dimen126
\l_MT_below_intertext_sep=\dimen127
\l_MT_above_shortintertext_sep=\dimen128
\l_MT_below_shortintertext_sep=\dimen129
)
(/usr/local/texlive/2016/texmf-dist/tex/latex/cleveref/cleveref.sty
Package: cleveref 2013/12/28 v0.19 Intelligent cross-referencing
)
(/usr/local/texlive/2016/texmf-dist/tex/latex/psnfss/courier.sty
Package: courier 2005/04/12 PSNFSS-v9.2a (WaS) 
)
(/usr/local/texlive/2016/texmf-dist/tex/latex/caption/subcaption.sty
Package: subcaption 2016/05/22 v1.1-161 Sub-captions (AR)
\c@subfigure=\count105
\c@subtable=\count106
)
(/usr/local/texlive/2016/texmf-dist/tex/latex/units/units.sty
Package: units 1998/08/04 v0.9b Typesetting units

(/usr/local/texlive/2016/texmf-dist/tex/latex/base/ifthen.sty
Package: ifthen 2014/09/29 v1.1c Standard LaTeX ifthen package (DPC)
)
(/usr/local/texlive/2016/texmf-dist/tex/latex/units/nicefrac.sty
Package: nicefrac 1998/08/04 v0.9b Nice fractions
\L@UnitsRaiseDisplaystyle=\skip50
\L@UnitsRaiseTextstyle=\skip51
\L@UnitsRaiseScriptstyle=\skip52
))
(/usr/local/texlive/2016/texmf-dist/tex/latex/float/float.sty
Package: float 2001/11/08 v1.3d Float enhancements (AL)
\c@float@type=\count107
\float@exts=\toks20
\float@box=\box28
\@float@everytoks=\toks21
\@floatcapt=\box29
)
(/usr/local/texlive/2016/texmf-dist/tex/latex/placeins/placeins.sty
Package: placeins 2005/04/18  v 2.2
)
(/usr/local/texlive/2016/texmf-dist/tex/latex/needspace/needspace.sty
Package: needspace 2010/09/12 v1.3d reserve vertical space
)
(/usr/local/texlive/2016/texmf-dist/tex/latex/amsfonts/amssymb.sty
Package: amssymb 2013/01/14 v3.01 AMS font symbols

(/usr/local/texlive/2016/texmf-dist/tex/latex/amsfonts/amsfonts.sty
Package: amsfonts 2013/01/14 v3.01 Basic AMSFonts support
\symAMSa=\mathgroup4
\symAMSb=\mathgroup5
LaTeX Font Info:    Overwriting math alphabet `\mathfrak' in version `bold'
(Font)                  U/euf/m/n --> U/euf/b/n on input line 106.
))
(/usr/local/texlive/2016/texmf-dist/tex/latex/geometry/geometry.sty
Package: geometry 2010/09/12 v5.6 Page Geometry

(/usr/local/texlive/2016/texmf-dist/tex/generic/oberdiek/ifpdf.sty
Package: ifpdf 2016/05/14 v3.1 Provides the ifpdf switch
)
(/usr/local/texlive/2016/texmf-dist/tex/generic/oberdiek/ifvtex.sty
Package: ifvtex 2016/05/16 v1.6 Detect VTeX and its facilities (HO)
Package ifvtex Info: VTeX not detected.
)
(/usr/local/texlive/2016/texmf-dist/tex/generic/ifxetex/ifxetex.sty
Package: ifxetex 2010/09/12 v0.6 Provides ifxetex conditional
)
\Gm@cnth=\count108
\Gm@cntv=\count109
\c@Gm@tempcnt=\count110
\Gm@bindingoffset=\dimen130
\Gm@wd@mp=\dimen131
\Gm@odd@mp=\dimen132
\Gm@even@mp=\dimen133
\Gm@layoutwidth=\dimen134
\Gm@layoutheight=\dimen135
\Gm@layouthoffset=\dimen136
\Gm@layoutvoffset=\dimen137
\Gm@dimlist=\toks22
)
(./Networkswriteup.aux)
\openout1 = `Networkswriteup.aux'.

LaTeX Font Info:    Checking defaults for OML/cmm/m/it on input line 21.
LaTeX Font Info:    ... okay on input line 21.
LaTeX Font Info:    Checking defaults for T1/cmr/m/n on input line 21.
LaTeX Font Info:    ... okay on input line 21.
LaTeX Font Info:    Checking defaults for OT1/cmr/m/n on input line 21.
LaTeX Font Info:    ... okay on input line 21.
LaTeX Font Info:    Checking defaults for OMS/cmsy/m/n on input line 21.
LaTeX Font Info:    ... okay on input line 21.
LaTeX Font Info:    Checking defaults for OMX/cmex/m/n on input line 21.
LaTeX Font Info:    ... okay on input line 21.
LaTeX Font Info:    Checking defaults for U/cmr/m/n on input line 21.
LaTeX Font Info:    ... okay on input line 21.

(/usr/local/texlive/2016/texmf-dist/tex/context/base/mkii/supp-pdf.mkii
[Loading MPS to PDF converter (version 2006.09.02).]
\scratchcounter=\count111
\scratchdimen=\dimen138
\scratchbox=\box30
\nofMPsegments=\count112
\nofMParguments=\count113
\everyMPshowfont=\toks23
\MPscratchCnt=\count114
\MPscratchDim=\dimen139
\MPnumerator=\count115
\makeMPintoPDFobject=\count116
\everyMPtoPDFconversion=\toks24
) (/usr/local/texlive/2016/texmf-dist/tex/generic/oberdiek/pdftexcmds.sty
Package: pdftexcmds 2016/05/21 v0.22 Utility functions of pdfTeX for LuaTeX (HO
)

(/usr/local/texlive/2016/texmf-dist/tex/generic/oberdiek/ifluatex.sty
Package: ifluatex 2016/05/16 v1.4 Provides the ifluatex switch (HO)
Package ifluatex Info: LuaTeX not detected.
)
Package pdftexcmds Info: LuaTeX not detected.
Package pdftexcmds Info: \pdf@primitive is available.
Package pdftexcmds Info: \pdf@ifprimitive is available.
Package pdftexcmds Info: \pdfdraftmode found.
)
(/usr/local/texlive/2016/texmf-dist/tex/latex/oberdiek/epstopdf-base.sty
Package: epstopdf-base 2016/05/15 v2.6 Base part for package epstopdf

(/usr/local/texlive/2016/texmf-dist/tex/latex/oberdiek/grfext.sty
Package: grfext 2016/05/16 v1.2 Manage graphics extensions (HO)

(/usr/local/texlive/2016/texmf-dist/tex/generic/oberdiek/kvdefinekeys.sty
Package: kvdefinekeys 2016/05/16 v1.4 Define keys (HO)
))
(/usr/local/texlive/2016/texmf-dist/tex/latex/oberdiek/kvoptions.sty
Package: kvoptions 2016/05/16 v3.12 Key value format for package options (HO)

(/usr/local/texlive/2016/texmf-dist/tex/generic/oberdiek/kvsetkeys.sty
Package: kvsetkeys 2016/05/16 v1.17 Key value parser (HO)

(/usr/local/texlive/2016/texmf-dist/tex/generic/oberdiek/etexcmds.sty
Package: etexcmds 2016/05/16 v1.6 Avoid name clashes with e-TeX commands (HO)
Package etexcmds Info: Could not find \expanded.
(etexcmds)             That can mean that you are not using pdfTeX 1.50 or
(etexcmds)             that some package has redefined \expanded.
(etexcmds)             In the latter case, load this package earlier.
)))
Package epstopdf-base Info: Redefining graphics rule for `.eps' on input line 4
38.
Package grfext Info: Graphics extension search list:
(grfext)             [.png,.pdf,.jpg,.mps,.jpeg,.jbig2,.jb2,.PNG,.PDF,.JPG,.JPE
G,.JBIG2,.JB2,.eps]
(grfext)             \AppendGraphicsExtensions on input line 456.

(/usr/local/texlive/2016/texmf-dist/tex/latex/latexconfig/epstopdf-sys.cfg
File: epstopdf-sys.cfg 2010/07/13 v1.3 Configuration of (r)epstopdf for TeX Liv
e
))
Package caption Info: Begin \AtBeginDocument code.
Package caption Info: float package is loaded.
Package caption Info: End \AtBeginDocument code.

*geometry* driver: auto-detecting
*geometry* detected driver: pdftex
*geometry* verbose mode - [ preamble ] result:
* driver: pdftex
* paper: <default>
* layout: <same size as paper>
* layoutoffset:(h,v)=(0.0pt,0.0pt)
* modes: 
* h-part:(L,W,R)=(72.26999pt, 469.75502pt, 72.26999pt)
* v-part:(T,H,B)=(72.26999pt, 650.43001pt, 72.26999pt)
* \paperwidth=614.295pt
* \paperheight=794.96999pt
* \textwidth=469.75502pt
* \textheight=650.43001pt
* \oddsidemargin=0.0pt
* \evensidemargin=0.0pt
* \topmargin=-37.0pt
* \headheight=12.0pt
* \headsep=25.0pt
* \topskip=10.0pt
* \footskip=30.0pt
* \marginparwidth=65.0pt
* \marginparsep=11.0pt
* \columnsep=10.0pt
* \skip\footins=9.0pt plus 4.0pt minus 2.0pt
* \hoffset=0.0pt
* \voffset=0.0pt
* \mag=1000
* \@twocolumnfalse
* \@twosidefalse
* \@mparswitchfalse
* \@reversemarginfalse
* (1in=72.27pt=25.4mm, 1cm=28.453pt)

LaTeX Font Info:    Try loading font information for U+msa on input line 23.
(/usr/local/texlive/2016/texmf-dist/tex/latex/amsfonts/umsa.fd
File: umsa.fd 2013/01/14 v3.01 AMS symbols A
)
LaTeX Font Info:    Try loading font information for U+msb on input line 23.

(/usr/local/texlive/2016/texmf-dist/tex/latex/amsfonts/umsb.fd
File: umsb.fd 2013/01/14 v3.01 AMS symbols B
) [1

{/usr/local/texlive/2016/texmf-var/fonts/map/pdftex/updmap/pdftex.map}]
Underfull \hbox (badness 10000) in paragraph at lines 43--44

 []


</home/john/Documents/Python/Networks/figures/G0m=1.png, id=11, 462.528pt x 346
.896pt>
File: /home/john/Documents/Python/Networks/figures/G0m=1.png Graphic file (type
 png)
 <use /home/john/Documents/Python/Networks/figures/G0m=1.png>
Package pdftex.def Info: /home/john/Documents/Python/Networks/figures/G0m=1.png
 used on input line 70.
(pdftex.def)             Requested size: 140.92793pt x 105.69461pt.

</home/john/Documents/Python/Networks/figures/G0m=2.png, id=13, 462.528pt x 346
.896pt>
File: /home/john/Documents/Python/Networks/figures/G0m=2.png Graphic file (type
 png)
 <use /home/john/Documents/Python/Networks/figures/G0m=2.png>
Package pdftex.def Info: /home/john/Documents/Python/Networks/figures/G0m=2.png
 used on input line 71.
(pdftex.def)             Requested size: 140.92793pt x 105.69461pt.

</home/john/Documents/Python/Networks/figures/G0m=3.png, id=14, 462.528pt x 346
.896pt>
File: /home/john/Documents/Python/Networks/figures/G0m=3.png Graphic file (type
 png)
 <use /home/john/Documents/Python/Networks/figures/G0m=3.png>
Package pdftex.def Info: /home/john/Documents/Python/Networks/figures/G0m=3.png
 used on input line 72.
(pdftex.def)             Requested size: 140.92793pt x 105.69461pt.

</home/john/Documents/Python/Networks/figures/Edgey1.png, id=15, 462.528pt x 34
6.896pt>
File: /home/john/Documents/Python/Networks/figures/Edgey1.png Graphic file (typ
e png)
 <use /home/john/Documents/Python/Networks/figures/Edgey1.png>
Package pdftex.def Info: /home/john/Documents/Python/Networks/figures/Edgey1.pn
g used on input line 79.
(pdftex.def)             Requested size: 234.8775pt x 176.15768pt.

</home/john/Documents/Python/Networks/figures/Edgey2.png, id=16, 462.528pt x 34
6.896pt>
File: /home/john/Documents/Python/Networks/figures/Edgey2.png Graphic file (typ
e png)
 <use /home/john/Documents/Python/Networks/figures/Edgey2.png>
Package pdftex.def Info: /home/john/Documents/Python/Networks/figures/Edgey2.pn
g used on input line 80.
(pdftex.def)             Requested size: 234.8775pt x 176.15768pt.
 [2

]
</home/john/Documents/Python/Networks/figures/Theoretical3.png, id=26, 462.528p
t x 346.896pt>
File: /home/john/Documents/Python/Networks/figures/Theoretical3.png Graphic fil
e (type png)

<use /home/john/Documents/Python/Networks/figures/Theoretical3.png>
Package pdftex.def Info: /home/john/Documents/Python/Networks/figures/Theoretic
al3.png used on input line 97.
(pdftex.def)             Requested size: 281.85587pt x 211.39981pt.

</home/john/Documents/Python/Networks/figures/Theoretical5.png, id=27, 462.528p
t x 346.896pt>
File: /home/john/Documents/Python/Networks/figures/Theoretical5.png Graphic fil
e (type png)

<use /home/john/Documents/Python/Networks/figures/Theoretical5.png>
Package pdftex.def Info: /home/john/Documents/Python/Networks/figures/Theoretic
al5.png used on input line 97.
(pdftex.def)             Requested size: 281.85587pt x 211.39981pt.
 [3 </home/john/Documents/Python/Networks/figures/G0m=1.png> </home/john/Docume
nts/Python/Networks/figures/G0m=2.png> </home/john/Documents/Python/Networks/fi
gures/G0m=3.png> </home/john/Documents/Python/Networks/figures/Edgey1.png> </ho
me/john/Documents/Python/Networks/figures/Edgey2.png>] [4 </home/john/Documents
/Python/Networks/figures/Theoretical3.png> </home/john/Documents/Python/Network
s/figures/Theoretical5.png>] [5]
</home/john/Documents/Python/Networks/figures/Datafit-m=1N=5.png, id=47, 462.52
8pt x 346.896pt>
File: /home/john/Documents/Python/Networks/figures/Datafit-m=1N=5.png Graphic f
ile (type png)

<use /home/john/Documents/Python/Networks/figures/Datafit-m=1N=5.png>
Package pdftex.def Info: /home/john/Documents/Python/Networks/figures/Datafit-m
=1N=5.png used on input line 212.
(pdftex.def)             Requested size: 281.85587pt x 211.39981pt.

</home/john/Documents/Python/Networks/figures/Datafit-m=2N=5.png, id=48, 462.52
8pt x 346.896pt>
File: /home/john/Documents/Python/Networks/figures/Datafit-m=2N=5.png Graphic f
ile (type png)

<use /home/john/Documents/Python/Networks/figures/Datafit-m=2N=5.png>
Package pdftex.def Info: /home/john/Documents/Python/Networks/figures/Datafit-m
=2N=5.png used on input line 212.
(pdftex.def)             Requested size: 281.85587pt x 211.39981pt.

! Missing number, treated as zero.
<to be read again> 
                   \protect 
l.214  	\makebox
                [\linewidth][c]{%
A number should have been here; I inserted `0'.
(If you can't figure out why I needed to see a number,
look up `weird error' in the index to The TeXbook.)

! Illegal unit of measure (pt inserted).
<to be read again> 
                   \protect 
l.214  	\makebox
                [\linewidth][c]{%
Dimensions can be in units of em, ex, in, pt, pc,
cm, mm, dd, cc, nd, nc, bp, or sp; but yours is a new one!
I'll assume that you meant to say pt, for printer's points.
To recover gracefully from this error, it's best to
delete the erroneous units; e.g., type `2' to delete
two letters. (See Chapter 27 of The TeXbook.)


</home/john/Documents/Python/Networks/figures/Datafit-m=3N=5.png, id=49, 462.52
8pt x 346.896pt>
File: /home/john/Documents/Python/Networks/figures/Datafit-m=3N=5.png Graphic f
ile (type png)

<use /home/john/Documents/Python/Networks/figures/Datafit-m=3N=5.png>
Package pdftex.def Info: /home/john/Documents/Python/Networks/figures/Datafit-m
=3N=5.png used on input line 225.
(pdftex.def)             Requested size: 281.85587pt x 211.39981pt.

</home/john/Documents/Python/Networks/figures/Datafit-m=4N=5.png, id=50, 462.52
8pt x 346.896pt>
File: /home/john/Documents/Python/Networks/figures/Datafit-m=4N=5.png Graphic f
ile (type png)

<use /home/john/Documents/Python/Networks/figures/Datafit-m=4N=5.png>
Package pdftex.def Info: /home/john/Documents/Python/Networks/figures/Datafit-m
=4N=5.png used on input line 225.
(pdftex.def)             Requested size: 281.85587pt x 211.39981pt.
 [6]
[7 </home/john/Documents/Python/Networks/figures/Datafit-m=1N=5.png> </home/joh
n/Documents/Python/Networks/figures/Datafit-m=2N=5.png> </home/john/Documents/P
ython/Networks/figures/Datafit-m=3N=5.png> </home/john/Documents/Python/Network
s/figures/Datafit-m=4N=5.png>]
</home/john/Documents/Python/Networks/figures/LogBin.png, id=63, 462.528pt x 34
6.896pt>
File: /home/john/Documents/Python/Networks/figures/LogBin.png Graphic file (typ
e png)
 <use /home/john/Documents/Python/Networks/figures/LogBin.png>
Package pdftex.def Info: /home/john/Documents/Python/Networks/figures/LogBin.pn
g used on input line 239.
(pdftex.def)             Requested size: 328.82707pt x 246.63135pt.

</home/john/Documents/Python/Networks/figures/LR-m=4LB.png, id=64, 462.528pt x 
346.896pt>
File: /home/john/Documents/Python/Networks/figures/LR-m=4LB.png Graphic file (t
ype png)
 <use /home/john/Documents/Python/Networks/figures/LR-m=4LB.png>
Package pdftex.def Info: /home/john/Documents/Python/Networks/figures/LR-m=4LB.
png used on input line 261.
(pdftex.def)             Requested size: 234.8775pt x 176.15768pt.

[8 </home/john/Documents/Python/Networks/figures/LogBin.png>]
Underfull \hbox (badness 10000) in paragraph at lines 266--267

 []


</home/john/Documents/Python/Networks/figures/k1.png, id=71, 462.528pt x 346.89
6pt>
File: /home/john/Documents/Python/Networks/figures/k1.png Graphic file (type pn
g)
 <use /home/john/Documents/Python/Networks/figures/k1.png>
Package pdftex.def Info: /home/john/Documents/Python/Networks/figures/k1.png us
ed on input line 305.
(pdftex.def)             Requested size: 281.85587pt x 211.39981pt.

</home/john/Documents/Python/Networks/figures/k1Log.png, id=72, 462.528pt x 346
.896pt>
File: /home/john/Documents/Python/Networks/figures/k1Log.png Graphic file (type
 png)
 <use /home/john/Documents/Python/Networks/figures/k1Log.png>
Package pdftex.def Info: /home/john/Documents/Python/Networks/figures/k1Log.png
 used on input line 305.
(pdftex.def)             Requested size: 281.85587pt x 211.39981pt.
 [9 </home/john/Documents/Python/Networks/figures/LR-m=4LB.png>]
</home/john/Documents/Python/Networks/figures/Collapse11.png, id=77, 462.528pt 
x 346.896pt>
File: /home/john/Documents/Python/Networks/figures/Collapse11.png Graphic file 
(type png)
 <use /home/john/Documents/Python/Networks/figures/Collapse11.png>
Package pdftex.def Info: /home/john/Documents/Python/Networks/figures/Collapse1
1.png used on input line 323.
(pdftex.def)             Requested size: 281.85587pt x 211.39981pt.

</home/john/Documents/Python/Networks/figures/Collapse2.png, id=78, 462.528pt x
 346.896pt>
File: /home/john/Documents/Python/Networks/figures/Collapse2.png Graphic file (
type png)
 <use /home/john/Documents/Python/Networks/figures/Collapse2.png>
Package pdftex.def Info: /home/john/Documents/Python/Networks/figures/Collapse2
.png used on input line 323.
(pdftex.def)             Requested size: 281.85587pt x 211.39981pt.

! Missing number, treated as zero.
<to be read again> 
                   \protect 
l.325 		\makebox
                [\linewidth][c]{%
A number should have been here; I inserted `0'.
(If you can't figure out why I needed to see a number,
look up `weird error' in the index to The TeXbook.)

! Illegal unit of measure (pt inserted).
<to be read again> 
                   \protect 
l.325 		\makebox
                [\linewidth][c]{%
Dimensions can be in units of em, ex, in, pt, pc,
cm, mm, dd, cc, nd, nc, bp, or sp; but yours is a new one!
I'll assume that you meant to say pt, for printer's points.
To recover gracefully from this error, it's best to
delete the erroneous units; e.g., type `2' to delete
two letters. (See Chapter 27 of The TeXbook.)


</home/john/Documents/Python/Networks/figures/Collapse1.png, id=79, 462.528pt x
 346.896pt>
File: /home/john/Documents/Python/Networks/figures/Collapse1.png Graphic file (
type png)
 <use /home/john/Documents/Python/Networks/figures/Collapse1.png>
Package pdftex.def Info: /home/john/Documents/Python/Networks/figures/Collapse1
.png used on input line 331.
(pdftex.def)             Requested size: 281.85587pt x 211.39981pt.

[10 </home/john/Documents/Python/Networks/figures/k1.png> </home/john/Documents
/Python/Networks/figures/k1Log.png>] [11 </home/john/Documents/Python/Networks/
figures/Collapse11.png> </home/john/Documents/Python/Networks/figures/Collapse2
.png> </home/john/Documents/Python/Networks/figures/Collapse1.png>]

! Package amsmath Error: Erroneous nesting of equation structures;
(amsmath)                trying to recover with `aligned'.

See the amsmath package documentation for explanation.
Type  H <return>  for immediate help.
 ...                                              
                                                  
l.372 \end{align}
                 
Try typing  <return>  to proceed.
If that doesn't work, type  X <return>  to quit.


! Package amsmath Error: Erroneous nesting of equation structures;
(amsmath)                trying to recover with `aligned'.

See the amsmath package documentation for explanation.
Type  H <return>  for immediate help.
 ...                                              
                                                  
l.381 \end{align}
                 
Try typing  <return>  to proceed.
If that doesn't work, type  X <return>  to quit.


</home/john/Documents/Python/Networks/figures/RandomGraph1.png, id=91, 462.528p
t x 346.896pt>
File: /home/john/Documents/Python/Networks/figures/RandomGraph1.png Graphic fil
e (type png)

<use /home/john/Documents/Python/Networks/figures/RandomGraph1.png>
Package pdftex.def Info: /home/john/Documents/Python/Networks/figures/RandomGra
ph1.png used on input line 388.
(pdftex.def)             Requested size: 328.82707pt x 246.63135pt.
 [12]

! Package amsmath Error: Erroneous nesting of equation structures;
(amsmath)                trying to recover with `aligned'.

See the amsmath package documentation for explanation.
Type  H <return>  for immediate help.
 ...                                              
                                                  
l.406 \end{align}
                 
Try typing  <return>  to proceed.
If that doesn't work, type  X <return>  to quit.


! Package amsmath Error: Erroneous nesting of equation structures;
(amsmath)                trying to recover with `aligned'.

See the amsmath package documentation for explanation.
Type  H <return>  for immediate help.
 ...                                              
                                                  
l.413 \end{align}
                 
Try typing  <return>  to proceed.
If that doesn't work, type  X <return>  to quit.


</home/john/Documents/Python/Networks/figures/k1random.png, id=95, 462.528pt x 
346.896pt>
File: /home/john/Documents/Python/Networks/figures/k1random.png Graphic file (t
ype png)
 <use /home/john/Documents/Python/Networks/figures/k1random.png>
Package pdftex.def Info: /home/john/Documents/Python/Networks/figures/k1random.
png used on input line 420.
(pdftex.def)             Requested size: 328.82707pt x 246.63135pt.

[13 </home/john/Documents/Python/Networks/figures/RandomGraph1.png>]

LaTeX Warning: Command \~ invalid in math mode on input line 430.

! Please use \mathaccent for accents in math mode.
\add@accent ...@spacefactor \spacefactor }\accent 
                                                  #1 #2\egroup \spacefactor ...
l.430 ...exhibit a power law relation $P(k,m) \~ k
                                                  ^{-\gamma(m)}$ where $\gam...
I'm changing \accent to \mathaccent here; wish me luck.
(Accents are not the same in formulas as they are in text.)

! You can't use `\spacefactor' in math mode.
\add@accent ...}\accent #1 #2\egroup \spacefactor 
                                                  \accent@spacefactor 
l.430 ...exhibit a power law relation $P(k,m) \~ k
                                                  ^{-\gamma(m)}$ where $\gam...
Sorry, but I'm not programmed to handle this case;
I'll just pretend that you didn't ask for it.
If you're in the wrong mode, you might be able to
return to the right one by typing `I}' or `I$' or `I\par'.

Missing character: There is no è in font cmex10!

</home/john/Documents/Python/Networks/figures/RandomwalkL=1.png, id=102, 462.52
8pt x 346.896pt>
File: /home/john/Documents/Python/Networks/figures/RandomwalkL=1.png Graphic fi
le (type png)

<use /home/john/Documents/Python/Networks/figures/RandomwalkL=1.png>
Package pdftex.def Info: /home/john/Documents/Python/Networks/figures/Randomwal
kL=1.png used on input line 443.
(pdftex.def)             Requested size: 281.85587pt x 211.39981pt.

</home/john/Documents/Python/Networks/figures/MDA.png, id=103, 462.528pt x 346.
896pt>
File: /home/john/Documents/Python/Networks/figures/MDA.png Graphic file (type p
ng)
 <use /home/john/Documents/Python/Networks/figures/MDA.png>
Package pdftex.def Info: /home/john/Documents/Python/Networks/figures/MDA.png u
sed on input line 443.
(pdftex.def)             Requested size: 281.85587pt x 211.39981pt.

Underfull \hbox (badness 10000) in paragraph at lines 428--446

 []

[14 </home/john/Documents/Python/Networks/figures/k1random.png>]
</home/john/Documents/Python/Networks/figures/Theoretical4.png, id=109, 462.528
pt x 346.896pt>
File: /home/john/Documents/Python/Networks/figures/Theoretical4.png Graphic fil
e (type png)

<use /home/john/Documents/Python/Networks/figures/Theoretical4.png>
Package pdftex.def Info: /home/john/Documents/Python/Networks/figures/Theoretic
al4.png used on input line 466.
(pdftex.def)             Requested size: 281.85587pt x 211.39981pt.

</home/john/Documents/Python/Networks/figures/Theoretical6.png, id=110, 462.528
pt x 346.896pt>
File: /home/john/Documents/Python/Networks/figures/Theoretical6.png Graphic fil
e (type png)

<use /home/john/Documents/Python/Networks/figures/Theoretical6.png>
Package pdftex.def Info: /home/john/Documents/Python/Networks/figures/Theoretic
al6.png used on input line 466.
(pdftex.def)             Requested size: 281.85587pt x 211.39981pt.
 [15 </home/john/Documents/Python/Networks/figures/RandomwalkL=1.png> </home/jo
hn/Documents/Python/Networks/figures/MDA.png>]
Underfull \hbox (badness 10000) in paragraph at lines 470--472

 []

[16 </home/john/Documents/Python/Networks/figures/Theoretical4.png> </home/john
/Documents/Python/Networks/figures/Theoretical6.png>] (./Networkswriteup.aux) )
 
Here is how much of TeX's memory you used:
 6334 strings out of 493013
 110712 string characters out of 6133328
 191973 words of memory out of 5000000
 9755 multiletter control sequences out of 15000+600000
 14942 words of font info for 57 fonts, out of 8000000 for 9000
 1141 hyphenation exceptions out of 8191
 39i,10n,44p,962b,523s stack positions out of 5000i,500n,10000p,200000b,80000s
</usr/local/texlive/2016/texmf-dist/fonts/type1/public/amsfonts/cm/cmbx10.pfb><
/usr/local/texlive/2016/texmf-dist/fonts/type1/public/amsfonts/cm/cmbx12.pfb></
usr/local/texlive/2016/texmf-dist/fonts/type1/public/amsfonts/cm/cmbx9.pfb></us
r/local/texlive/2016/texmf-dist/fonts/type1/public/amsfonts/cm/cmex10.pfb></usr
/local/texlive/2016/texmf-dist/fonts/type1/public/amsfonts/cm/cmmi10.pfb></usr/
local/texlive/2016/texmf-dist/fonts/type1/public/amsfonts/cm/cmmi12.pfb></usr/l
ocal/texlive/2016/texmf-dist/fonts/type1/public/amsfonts/cm/cmmi5.pfb></usr/loc
al/texlive/2016/texmf-dist/fonts/type1/public/amsfonts/cm/cmmi7.pfb></usr/local
/texlive/2016/texmf-dist/fonts/type1/public/amsfonts/cm/cmmi9.pfb></usr/local/t
exlive/2016/texmf-dist/fonts/type1/public/amsfonts/cm/cmr10.pfb></usr/local/tex
live/2016/texmf-dist/fonts/type1/public/amsfonts/cm/cmr12.pfb></usr/local/texli
ve/2016/texmf-dist/fonts/type1/public/amsfonts/cm/cmr17.pfb></usr/local/texlive
/2016/texmf-dist/fonts/type1/public/amsfonts/cm/cmr5.pfb></usr/local/texlive/20
16/texmf-dist/fonts/type1/public/amsfonts/cm/cmr7.pfb></usr/local/texlive/2016/
texmf-dist/fonts/type1/public/amsfonts/cm/cmr9.pfb></usr/local/texlive/2016/tex
mf-dist/fonts/type1/public/amsfonts/cm/cmsy10.pfb></usr/local/texlive/2016/texm
f-dist/fonts/type1/public/amsfonts/cm/cmsy5.pfb></usr/local/texlive/2016/texmf-
dist/fonts/type1/public/amsfonts/cm/cmsy7.pfb></usr/local/texlive/2016/texmf-di
st/fonts/type1/public/amsfonts/cm/cmti10.pfb>
Output written on Networkswriteup.pdf (16 pages, 830405 bytes).
PDF statistics:
 181 PDF objects out of 1000 (max. 8388607)
 95 compressed objects within 1 object stream
 0 named destinations out of 1000 (max. 500000)
 121 words of extra memory for PDF output out of 10000 (max. 10000000)

